======================================================================
VALIDATING H1 DATA FOR 34 ASSETS
======================================================================

Validating:   0%|          | 0/34 [00:00<?, ?it/s]Validating:   3%|â–Ž         | 1/34 [00:00<00:08,  3.77it/s]Validating:   6%|â–Œ         | 2/34 [00:00<00:07,  4.26it/s]Validating:   9%|â–‰         | 3/34 [00:00<00:07,  4.16it/s]Validating:  12%|â–ˆâ–        | 4/34 [00:00<00:06,  4.31it/s]Validating:  15%|â–ˆâ–        | 5/34 [00:01<00:06,  4.22it/s]Validating:  18%|â–ˆâ–Š        | 6/34 [00:01<00:06,  4.11it/s]Validating:  21%|â–ˆâ–ˆ        | 7/34 [00:01<00:06,  4.01it/s]Validating:  24%|â–ˆâ–ˆâ–Ž       | 8/34 [00:01<00:06,  4.08it/s]Validating:  26%|â–ˆâ–ˆâ–‹       | 9/34 [00:02<00:06,  4.05it/s]Validating:  29%|â–ˆâ–ˆâ–‰       | 10/34 [00:02<00:05,  4.07it/s]Validating:  32%|â–ˆâ–ˆâ–ˆâ–      | 11/34 [00:02<00:05,  4.05it/s]Validating:  35%|â–ˆâ–ˆâ–ˆâ–Œ      | 12/34 [00:02<00:05,  4.07it/s]Validating:  38%|â–ˆâ–ˆâ–ˆâ–Š      | 13/34 [00:03<00:05,  4.04it/s]Validating:  41%|â–ˆâ–ˆâ–ˆâ–ˆ      | 14/34 [00:03<00:04,  4.11it/s]Validating:  44%|â–ˆâ–ˆâ–ˆâ–ˆâ–     | 15/34 [00:03<00:04,  3.85it/s]Validating:  47%|â–ˆâ–ˆâ–ˆâ–ˆâ–‹     | 16/34 [00:03<00:04,  3.96it/s]Validating:  50%|â–ˆâ–ˆâ–ˆâ–ˆâ–ˆ     | 17/34 [00:04<00:04,  3.98it/s]Validating:  53%|â–ˆâ–ˆâ–ˆâ–ˆâ–ˆâ–Ž    | 18/34 [00:04<00:03,  4.71it/s]Validating:  56%|â–ˆâ–ˆâ–ˆâ–ˆâ–ˆâ–Œ    | 19/34 [00:04<00:03,  4.51it/s]Validating:  59%|â–ˆâ–ˆâ–ˆâ–ˆâ–ˆâ–‰    | 20/34 [00:04<00:03,  4.28it/s]Validating:  62%|â–ˆâ–ˆâ–ˆâ–ˆâ–ˆâ–ˆâ–   | 21/34 [00:05<00:03,  4.23it/s]Validating:  65%|â–ˆâ–ˆâ–ˆâ–ˆâ–ˆâ–ˆâ–   | 22/34 [00:05<00:02,  4.19it/s]Validating:  68%|â–ˆâ–ˆâ–ˆâ–ˆâ–ˆâ–ˆâ–Š   | 23/34 [00:05<00:02,  4.19it/s]Validating:  71%|â–ˆâ–ˆâ–ˆâ–ˆâ–ˆâ–ˆâ–ˆ   | 24/34 [00:05<00:02,  4.12it/s]Validating:  74%|â–ˆâ–ˆâ–ˆâ–ˆâ–ˆâ–ˆâ–ˆâ–Ž  | 25/34 [00:06<00:02,  4.08it/s]Validating:  76%|â–ˆâ–ˆâ–ˆâ–ˆâ–ˆâ–ˆâ–ˆâ–‹  | 26/34 [00:06<00:01,  4.06it/s]Validating:  79%|â–ˆâ–ˆâ–ˆâ–ˆâ–ˆâ–ˆâ–ˆâ–‰  | 27/34 [00:06<00:01,  4.16it/s]Validating:  82%|â–ˆâ–ˆâ–ˆâ–ˆâ–ˆâ–ˆâ–ˆâ–ˆâ– | 28/34 [00:06<00:01,  4.09it/s]Validating:  85%|â–ˆâ–ˆâ–ˆâ–ˆâ–ˆâ–ˆâ–ˆâ–ˆâ–Œ | 29/34 [00:07<00:01,  4.05it/s]Validating:  88%|â–ˆâ–ˆâ–ˆâ–ˆâ–ˆâ–ˆâ–ˆâ–ˆâ–Š | 30/34 [00:07<00:00,  4.08it/s]Validating:  91%|â–ˆâ–ˆâ–ˆâ–ˆâ–ˆâ–ˆâ–ˆâ–ˆâ–ˆ | 31/34 [00:07<00:00,  4.07it/s]Validating:  94%|â–ˆâ–ˆâ–ˆâ–ˆâ–ˆâ–ˆâ–ˆâ–ˆâ–ˆâ–| 32/34 [00:07<00:00,  4.03it/s]Validating:  97%|â–ˆâ–ˆâ–ˆâ–ˆâ–ˆâ–ˆâ–ˆâ–ˆâ–ˆâ–‹| 33/34 [00:08<00:00,  4.03it/s]Validating: 100%|â–ˆâ–ˆâ–ˆâ–ˆâ–ˆâ–ˆâ–ˆâ–ˆâ–ˆâ–ˆ| 34/34 [00:08<00:00,  4.02it/s]Validating: 100%|â–ˆâ–ˆâ–ˆâ–ˆâ–ˆâ–ˆâ–ˆâ–ˆâ–ˆâ–ˆ| 34/34 [00:08<00:00,  4.11it/s]

ðŸ“Š EUR_AUD
   D1 check: â­ï¸ SKIP
   H4 check: â­ï¸ SKIP
   Gaps:     âš ï¸ WARN

ðŸ“Š BTC_USD
   D1 check: â­ï¸ SKIP
   H4 check: â­ï¸ SKIP
   Gaps:     âš ï¸ WARN

ðŸ“Š USD_JPY
   D1 check: â­ï¸ SKIP
   H4 check: â­ï¸ SKIP
   Gaps:     âš ï¸ WARN

ðŸ“Š SPX500_USD
   D1 check: â­ï¸ SKIP
   H4 check: â­ï¸ SKIP
   Gaps:     âš ï¸ WARN

ðŸ“Š NZD_CHF
   D1 check: â­ï¸ SKIP
   H4 check: â­ï¸ SKIP
   Gaps:     âš ï¸ WARN

ðŸ“Š EUR_CAD
   D1 check: â­ï¸ SKIP
   H4 check: â­ï¸ SKIP
   Gaps:     âš ï¸ WARN

ðŸ“Š AUD_JPY
   D1 check: â­ï¸ SKIP
   H4 check: â­ï¸ SKIP
   Gaps:     âš ï¸ WARN

ðŸ“Š EUR_GBP
   D1 check: â­ï¸ SKIP
   H4 check: â­ï¸ SKIP
   Gaps:     âš ï¸ WARN

ðŸ“Š GBP_JPY
   D1 check: â­ï¸ SKIP
   H4 check: â­ï¸ SKIP
   Gaps:     âš ï¸ WARN

ðŸ“Š EUR_CHF
   D1 check: â­ï¸ SKIP
   H4 check: â­ï¸ SKIP
   Gaps:     âš ï¸ WARN

ðŸ“Š XAU_USD
   D1 check: â­ï¸ SKIP
   H4 check: â­ï¸ SKIP
   Gaps:     âš ï¸ WARN

ðŸ“Š USD_CHF
   D1 check: â­ï¸ SKIP
   H4 check: â­ï¸ SKIP
   Gaps:     âš ï¸ WARN

ðŸ“Š USD_CAD
   D1 check: â­ï¸ SKIP
   H4 check: â­ï¸ SKIP
   Gaps:     âš ï¸ WARN

ðŸ“Š NZD_JPY
   D1 check: â­ï¸ SKIP
   H4 check: â­ï¸ SKIP
   Gaps:     âš ï¸ WARN

ðŸ“Š GBP_CHF
   D1 check: â­ï¸ SKIP
   H4 check: â­ï¸ SKIP
   Gaps:     âš ï¸ WARN

ðŸ“Š AUD_CHF
   D1 check: â­ï¸ SKIP
   H4 check: â­ï¸ SKIP
   Gaps:     âš ï¸ WARN

ðŸ“Š GBP_USD
   D1 check: â­ï¸ SKIP
   H4 check: â­ï¸ SKIP
   Gaps:     âš ï¸ WARN

ðŸ“Š ETH_USD
   D1 check: â­ï¸ SKIP
   H4 check: â­ï¸ SKIP
   Gaps:     âš ï¸ WARN

ðŸ“Š CAD_JPY
   D1 check: â­ï¸ SKIP
   H4 check: â­ï¸ SKIP
   Gaps:     âš ï¸ WARN

ðŸ“Š CHF_JPY
   D1 check: â­ï¸ SKIP
   H4 check: â­ï¸ SKIP
   Gaps:     âš ï¸ WARN

ðŸ“Š CAD_CHF
   D1 check: â­ï¸ SKIP
   H4 check: â­ï¸ SKIP
   Gaps:     âš ï¸ WARN

ðŸ“Š GBP_AUD
   D1 check: â­ï¸ SKIP
   H4 check: â­ï¸ SKIP
   Gaps:     âš ï¸ WARN

ðŸ“Š NZD_USD
   D1 check: â­ï¸ SKIP
   H4 check: â­ï¸ SKIP
   Gaps:     âš ï¸ WARN

ðŸ“Š AUD_USD
   D1 check: â­ï¸ SKIP
   H4 check: â­ï¸ SKIP
   Gaps:     âš ï¸ WARN

ðŸ“Š EUR_USD
   D1 check: â­ï¸ SKIP
   H4 check: â­ï¸ SKIP
   Gaps:     âš ï¸ WARN

ðŸ“Š EUR_JPY
   D1 check: â­ï¸ SKIP
   H4 check: â­ï¸ SKIP
   Gaps:     âš ï¸ WARN

ðŸ“Š NAS100_USD
   D1 check: â­ï¸ SKIP
   H4 check: â­ï¸ SKIP
   Gaps:     âš ï¸ WARN

ðŸ“Š NZD_CAD
   D1 check: â­ï¸ SKIP
   H4 check: â­ï¸ SKIP
   Gaps:     âš ï¸ WARN

ðŸ“Š GBP_CAD
   D1 check: â­ï¸ SKIP
   H4 check: â­ï¸ SKIP
   Gaps:     âš ï¸ WARN

ðŸ“Š AUD_CAD
   D1 check: â­ï¸ SKIP
   H4 check: â­ï¸ SKIP
   Gaps:     âš ï¸ WARN

ðŸ“Š XAG_USD
   D1 check: â­ï¸ SKIP
   H4 check: â­ï¸ SKIP
   Gaps:     âš ï¸ WARN

ðŸ“Š GBP_NZD
   D1 check: â­ï¸ SKIP
   H4 check: â­ï¸ SKIP
   Gaps:     âš ï¸ WARN

ðŸ“Š AUD_NZD
   D1 check: â­ï¸ SKIP
   H4 check: â­ï¸ SKIP
   Gaps:     âš ï¸ WARN

ðŸ“Š EUR_NZD
   D1 check: â­ï¸ SKIP
   H4 check: â­ï¸ SKIP
   Gaps:     âš ï¸ WARN

======================================================================
VALIDATION SUMMARY
======================================================================

H1 vs D1: 0 PASS, 0 FAIL
H1 vs H4: 0 PASS, 0 FAIL

âœ… Results saved to: analysis/h1_validation_results.json
======================================================================
VALIDATING H1 DATA FOR 34 ASSETS
======================================================================

Validating:   0%|          | 0/34 [00:00<?, ?it/s]Validating:   0%|          | 0/34 [00:00<?, ?it/s]

ðŸ“Š CAD_JPY
Traceback (most recent call last):
  File "/home/codespace/.local/lib/python3.12/site-packages/pandas/core/indexes/base.py", line 3812, in get_loc
    return self._engine.get_loc(casted_key)
           ^^^^^^^^^^^^^^^^^^^^^^^^^^^^^^^^
  File "pandas/_libs/index.pyx", line 167, in pandas._libs.index.IndexEngine.get_loc
  File "pandas/_libs/index.pyx", line 196, in pandas._libs.index.IndexEngine.get_loc
  File "pandas/_libs/hashtable_class_helper.pxi", line 7088, in pandas._libs.hashtable.PyObjectHashTable.get_item
  File "pandas/_libs/hashtable_class_helper.pxi", line 7096, in pandas._libs.hashtable.PyObjectHashTable.get_item
KeyError: 'timestamp'

The above exception was the direct cause of the following exception:

Traceback (most recent call last):
  File "/workspaces/botcreativehub/scripts/validate_h1_data.py", line 416, in <module>
    results = validate_all_assets()
              ^^^^^^^^^^^^^^^^^^^^^
  File "/workspaces/botcreativehub/scripts/validate_h1_data.py", line 350, in validate_all_assets
    'h1_vs_d1': validate_h1_vs_d1(asset),
                ^^^^^^^^^^^^^^^^^^^^^^^^
  File "/workspaces/botcreativehub/scripts/validate_h1_data.py", line 119, in validate_h1_vs_d1
    d1_df = load_data(symbol, 'D1')
            ^^^^^^^^^^^^^^^^^^^^^^^
  File "/workspaces/botcreativehub/scripts/validate_h1_data.py", line 48, in load_data
    df['timestamp'] = pd.to_datetime(df['timestamp'])
                                     ~~^^^^^^^^^^^^^
  File "/home/codespace/.local/lib/python3.12/site-packages/pandas/core/frame.py", line 4113, in __getitem__
    indexer = self.columns.get_loc(key)
              ^^^^^^^^^^^^^^^^^^^^^^^^^
  File "/home/codespace/.local/lib/python3.12/site-packages/pandas/core/indexes/base.py", line 3819, in get_loc
    raise KeyError(key) from err
KeyError: 'timestamp'
